<?xml version="1.0" encoding="UTF-8"?>
<!-- Generated by org.testng.reporters.JUnitXMLReporter -->
<testsuite ignored="0" hostname="IBM-PF3JSQ9V" failures="0" tests="17" name="test-1" time="48.0" errors="0" timestamp="2025-08-21T14:55:19 IST">
  <testcase classname="com.webOrders.test.WebOrder_ViewAllOrders_Test" name="verifyCheckAll" time="3.625"/>
  <testcase classname="com.webOrders.test.WebOrder_ViewAllOrders_Test" name="verifyUnCheckAll" time="0.576"/>
  <testcase classname="com.webOrders.test.WebOrder_ViewAllOrders_Test" name="verifyDeleteOrder" time="0.342"/>
  <testcase classname="com.webOrders.test.WebOrder_ViewAllOrders_Test" name="verifyEditOrder" time="3.627"/>
  <testcase classname="com.webOrders.test.WebOrder_ViewAllOrders_Test" name="verifyEditOrder" time="2.394"/>
  <testcase classname="com.webOrders.test.WebOrder_ViewAllOrders_Test" name="verifyError" time="1.824"/>
  <testcase classname="com.webOrders.test.WebOrder_ViewAllOrders_Test" name="verifyError" time="1.842"/>
  <testcase classname="com.webOrders.test.WebOrder_ViewAllOrders_Test" name="verifyError" time="1.539"/>
  <testcase classname="com.webOrders.test.WebOrder_ViewAllOrders_Test" name="verifyError" time="1.152"/>
  <testcase classname="com.webOrders.test.WebOrder_ViewAllOrders_Test" name="verifyError" time="2.488"/>
  <testcase classname="com.webOrders.test.WebOrder_ViewAllOrders_Test" name="verifyError" time="1.916"/>
  <testcase classname="com.webOrders.test.WebOrder_ViewAllOrders_Test" name="verifyError" time="1.863"/>
  <testcase classname="com.webOrders.test.WebOrder_ViewAllOrders_Test" name="verifyError" time="1.937"/>
  <testcase classname="com.webOrders.test.WebOrder_ViewAllOrders_Test" name="verifyError" time="1.859"/>
  <testcase classname="com.webOrders.test.WebOrder_ViewAllOrders_Test" name="verifyError" time="1.457"/>
  <testcase classname="com.webOrders.test.WebOrder_ViewAllOrders_Test" name="verifyError" time="2.43"/>
  <testcase classname="com.webOrders.test.WebOrder_ViewAllOrders_Test" name="verifyError" time="0.982"/>
</testsuite> <!-- test-1 -->
