<?xml version="1.0" encoding="UTF-8"?>
<!-- Generated by org.testng.reporters.JUnitXMLReporter -->
<testsuite hostname="IBM-PF3JSQ9V" failures="0" tests="3" name="test-1" time="33.353" errors="0" timestamp="21 Aug 2025 09:51:47 GMT">
  <testcase classname="com.webOrders.test.WebOrders_Login" name="loginTest" time="9.25"/>
  <testcase classname="com.webOrders.test.WebOrders_Login" name="urlTest" time="7.853"/>
  <testcase classname="com.webOrders.test.WebOrders_Login" name="verifyText" time="8.59"/>
</testsuite> <!-- test-1 -->
