<?xml version="1.0" encoding="UTF-8"?>
<!-- Generated by org.testng.reporters.JUnitXMLReporter -->
<testsuite ignored="0" hostname="IBM-PF3JSQ9V" failures="0" tests="3" name="test-1" time="45.362" errors="0" timestamp="2025-08-20T15:18:24 IST">
  <testcase classname="com.webOrders.test.WebOrders_Login" name="loginTest" time="9.676"/>
  <testcase classname="com.webOrders.test.WebOrders_Login" name="urlTest" time="8.345"/>
  <testcase classname="com.webOrders.test.WebOrders_Login" name="verifyText" time="9.363"/>
</testsuite> <!-- test-1 -->
