<?xml version="1.0" encoding="UTF-8"?>
<!-- Generated by org.testng.reporters.JUnitReportReporter -->
<testsuite hostname="IBM-PF3JSQ9V" failures="0" tests="15" name="com.webOrders.test.WebOrder_Order_Test" time="136.846" errors="0" timestamp="2025-08-20T20:15:15 IST" skipped="1">
  <testcase classname="com.webOrders.test.WebOrder_Order_Test" name="createAndVerifyOrder" time="7.922"/>
  <testcase classname="com.webOrders.test.WebOrder_Order_Test" name="createAndVerifyOrder" time="13.299"/>
  <testcase classname="com.webOrders.test.WebOrder_Order_Test" name="createAndVerifyOrder" time="8.015"/>
  <testcase classname="com.webOrders.test.WebOrder_Order_Test" name="createAndVerifyOrder" time="8.584"/>
  <testcase classname="com.webOrders.test.WebOrder_Order_Test" name="createAndVerifyOrder" time="8.035"/>
  <testcase classname="com.webOrders.test.WebOrder_Order_Test" name="createAndVerifyOrder" time="8.068"/>
  <testcase classname="com.webOrders.test.WebOrder_Order_Test" name="createAndVerifyOrder" time="7.927"/>
  <testcase classname="com.webOrders.test.WebOrder_Order_Test" name="createAndVerifyOrder" time="8.747"/>
  <testcase classname="com.webOrders.test.WebOrder_Order_Test" name="createAndVerifyOrder" time="12.240"/>
  <testcase classname="com.webOrders.test.WebOrder_Order_Test" name="createAndVerifyOrder" time="9.921"/>
  <testcase classname="com.webOrders.test.WebOrder_Order_Test" name="createAndVerifyOrder" time="8.009"/>
  <testcase classname="com.webOrders.test.WebOrder_Order_Test" name="createAndVerifyOrder" time="7.951"/>
  <testcase classname="com.webOrders.test.WebOrder_Order_Test" name="createAndVerifyOrder" time="9.352"/>
  <testcase classname="com.webOrders.test.WebOrder_Order_Test" name="createAndVerifyOrder" time="18.776"/>
  <testcase classname="com.webOrders.test.WebOrder_Order_Test" name="verifyCheckAll">
    <skipped/>
  </testcase> <!-- verifyCheckAll -->
</testsuite> <!-- com.webOrders.test.WebOrder_Order_Test -->
