<?xml version="1.0" encoding="UTF-8"?>
<!-- Generated by org.testng.reporters.JUnitReportReporter -->
<testsuite hostname="IBM-PF3JSQ9V" failures="0" tests="3" name="com.webOrders.test.WebOrders_Login" time="27.409" errors="0" timestamp="2025-08-20T15:18:24 IST" skipped="0">
  <testcase classname="com.webOrders.test.WebOrders_Login" name="loginTest" time="9.697"/>
  <testcase classname="com.webOrders.test.WebOrders_Login" name="urlTest" time="8.348"/>
  <testcase classname="com.webOrders.test.WebOrders_Login" name="verifyText" time="9.364"/>
</testsuite> <!-- com.webOrders.test.WebOrders_Login -->
