<?xml version="1.0" encoding="UTF-8"?>
<!-- Generated by org.testng.reporters.JUnitReportReporter -->
<testsuite hostname="IBM-PF3JSQ9V" failures="0" tests="3" name="com.webOrders.test.WebOrders_Login" time="25.714" errors="0" timestamp="21 Aug 2025 09:51:47 GMT">
  <testcase classname="com.webOrders.test.WebOrders_Login" name="loginTest" time="9.251"/>
  <testcase classname="com.webOrders.test.WebOrders_Login" name="verifyText" time="8.610"/>
  <testcase classname="com.webOrders.test.WebOrders_Login" name="urlTest" time="7.853"/>
</testsuite> <!-- com.webOrders.test.WebOrders_Login -->
